This is pdfTeX, Version 3.14159265-2.6-1.40.19 (MiKTeX 2.9.6630 64-bit) (preloaded format=pdflatex 2018.5.4)  11 JUN 2018 17:32
entering extended mode
**./BDII_Guia_Isntalacion_U2.tex
(BDII_Guia_Isntalacion_U2.tex
LaTeX2e <2017-04-15>
Babel <3.18> and hyphenation patterns for 75 language(s) loaded.
("C:\Program Files\MiKTeX 2.9\tex\latex\base\article.cls"
Document Class: article 2014/09/29 v1.4h Standard LaTeX document class
("C:\Program Files\MiKTeX 2.9\tex\latex\base\size12.clo"
File: size12.clo 2014/09/29 v1.4h Standard LaTeX file (size option)
)
\c@part=\count79
\c@section=\count80
\c@subsection=\count81
\c@subsubsection=\count82
\c@paragraph=\count83
\c@subparagraph=\count84
\c@figure=\count85
\c@table=\count86
\abovecaptionskip=\skip41
\belowcaptionskip=\skip42
\bibindent=\dimen102
)
("C:\Program Files\MiKTeX 2.9\tex\latex\base\inputenc.sty"
Package: inputenc 2015/03/17 v1.2c Input encoding file
\inpenc@prehook=\toks14
\inpenc@posthook=\toks15

("C:\Program Files\MiKTeX 2.9\tex\latex\base\utf8.def"
File: utf8.def 2017/01/28 v1.1t UTF-8 support for inputenc
Now handling font encoding OML ...
... no UTF-8 mapping file for font encoding OML
Now handling font encoding T1 ...
... processing UTF-8 mapping file for font encoding T1

("C:\Program Files\MiKTeX 2.9\tex\latex\base\t1enc.dfu"
File: t1enc.dfu 2017/01/28 v1.1t UTF-8 support for inputenc
   defining Unicode char U+00A0 (decimal 160)
   defining Unicode char U+00A1 (decimal 161)
   defining Unicode char U+00A3 (decimal 163)
   defining Unicode char U+00AB (decimal 171)
   defining Unicode char U+00AD (decimal 173)
   defining Unicode char U+00BB (decimal 187)
   defining Unicode char U+00BF (decimal 191)
   defining Unicode char U+00C0 (decimal 192)
   defining Unicode char U+00C1 (decimal 193)
   defining Unicode char U+00C2 (decimal 194)
   defining Unicode char U+00C3 (decimal 195)
   defining Unicode char U+00C4 (decimal 196)
   defining Unicode char U+00C5 (decimal 197)
   defining Unicode char U+00C6 (decimal 198)
   defining Unicode char U+00C7 (decimal 199)
   defining Unicode char U+00C8 (decimal 200)
   defining Unicode char U+00C9 (decimal 201)
   defining Unicode char U+00CA (decimal 202)
   defining Unicode char U+00CB (decimal 203)
   defining Unicode char U+00CC (decimal 204)
   defining Unicode char U+00CD (decimal 205)
   defining Unicode char U+00CE (decimal 206)
   defining Unicode char U+00CF (decimal 207)
   defining Unicode char U+00D0 (decimal 208)
   defining Unicode char U+00D1 (decimal 209)
   defining Unicode char U+00D2 (decimal 210)
   defining Unicode char U+00D3 (decimal 211)
   defining Unicode char U+00D4 (decimal 212)
   defining Unicode char U+00D5 (decimal 213)
   defining Unicode char U+00D6 (decimal 214)
   defining Unicode char U+00D8 (decimal 216)
   defining Unicode char U+00D9 (decimal 217)
   defining Unicode char U+00DA (decimal 218)
   defining Unicode char U+00DB (decimal 219)
   defining Unicode char U+00DC (decimal 220)
   defining Unicode char U+00DD (decimal 221)
   defining Unicode char U+00DE (decimal 222)
   defining Unicode char U+00DF (decimal 223)
   defining Unicode char U+00E0 (decimal 224)
   defining Unicode char U+00E1 (decimal 225)
   defining Unicode char U+00E2 (decimal 226)
   defining Unicode char U+00E3 (decimal 227)
   defining Unicode char U+00E4 (decimal 228)
   defining Unicode char U+00E5 (decimal 229)
   defining Unicode char U+00E6 (decimal 230)
   defining Unicode char U+00E7 (decimal 231)
   defining Unicode char U+00E8 (decimal 232)
   defining Unicode char U+00E9 (decimal 233)
   defining Unicode char U+00EA (decimal 234)
   defining Unicode char U+00EB (decimal 235)
   defining Unicode char U+00EC (decimal 236)
   defining Unicode char U+00ED (decimal 237)
   defining Unicode char U+00EE (decimal 238)
   defining Unicode char U+00EF (decimal 239)
   defining Unicode char U+00F0 (decimal 240)
   defining Unicode char U+00F1 (decimal 241)
   defining Unicode char U+00F2 (decimal 242)
   defining Unicode char U+00F3 (decimal 243)
   defining Unicode char U+00F4 (decimal 244)
   defining Unicode char U+00F5 (decimal 245)
   defining Unicode char U+00F6 (decimal 246)
   defining Unicode char U+00F8 (decimal 248)
   defining Unicode char U+00F9 (decimal 249)
   defining Unicode char U+00FA (decimal 250)
   defining Unicode char U+00FB (decimal 251)
   defining Unicode char U+00FC (decimal 252)
   defining Unicode char U+00FD (decimal 253)
   defining Unicode char U+00FE (decimal 254)
   defining Unicode char U+00FF (decimal 255)
   defining Unicode char U+0100 (decimal 256)
   defining Unicode char U+0101 (decimal 257)
   defining Unicode char U+0102 (decimal 258)
   defining Unicode char U+0103 (decimal 259)
   defining Unicode char U+0104 (decimal 260)
   defining Unicode char U+0105 (decimal 261)
   defining Unicode char U+0106 (decimal 262)
   defining Unicode char U+0107 (decimal 263)
   defining Unicode char U+0108 (decimal 264)
   defining Unicode char U+0109 (decimal 265)
   defining Unicode char U+010A (decimal 266)
   defining Unicode char U+010B (decimal 267)
   defining Unicode char U+010C (decimal 268)
   defining Unicode char U+010D (decimal 269)
   defining Unicode char U+010E (decimal 270)
   defining Unicode char U+010F (decimal 271)
   defining Unicode char U+0110 (decimal 272)
   defining Unicode char U+0111 (decimal 273)
   defining Unicode char U+0112 (decimal 274)
   defining Unicode char U+0113 (decimal 275)
   defining Unicode char U+0114 (decimal 276)
   defining Unicode char U+0115 (decimal 277)
   defining Unicode char U+0116 (decimal 278)
   defining Unicode char U+0117 (decimal 279)
   defining Unicode char U+0118 (decimal 280)
   defining Unicode char U+0119 (decimal 281)
   defining Unicode char U+011A (decimal 282)
   defining Unicode char U+011B (decimal 283)
   defining Unicode char U+011C (decimal 284)
   defining Unicode char U+011D (decimal 285)
   defining Unicode char U+011E (decimal 286)
   defining Unicode char U+011F (decimal 287)
   defining Unicode char U+0120 (decimal 288)
   defining Unicode char U+0121 (decimal 289)
   defining Unicode char U+0122 (decimal 290)
   defining Unicode char U+0123 (decimal 291)
   defining Unicode char U+0124 (decimal 292)
   defining Unicode char U+0125 (decimal 293)
   defining Unicode char U+0128 (decimal 296)
   defining Unicode char U+0129 (decimal 297)
   defining Unicode char U+012A (decimal 298)
   defining Unicode char U+012B (decimal 299)
   defining Unicode char U+012C (decimal 300)
   defining Unicode char U+012D (decimal 301)
   defining Unicode char U+012E (decimal 302)
   defining Unicode char U+012F (decimal 303)
   defining Unicode char U+0130 (decimal 304)
   defining Unicode char U+0131 (decimal 305)
   defining Unicode char U+0132 (decimal 306)
   defining Unicode char U+0133 (decimal 307)
   defining Unicode char U+0134 (decimal 308)
   defining Unicode char U+0135 (decimal 309)
   defining Unicode char U+0136 (decimal 310)
   defining Unicode char U+0137 (decimal 311)
   defining Unicode char U+0139 (decimal 313)
   defining Unicode char U+013A (decimal 314)
   defining Unicode char U+013B (decimal 315)
   defining Unicode char U+013C (decimal 316)
   defining Unicode char U+013D (decimal 317)
   defining Unicode char U+013E (decimal 318)
   defining Unicode char U+0141 (decimal 321)
   defining Unicode char U+0142 (decimal 322)
   defining Unicode char U+0143 (decimal 323)
   defining Unicode char U+0144 (decimal 324)
   defining Unicode char U+0145 (decimal 325)
   defining Unicode char U+0146 (decimal 326)
   defining Unicode char U+0147 (decimal 327)
   defining Unicode char U+0148 (decimal 328)
   defining Unicode char U+014A (decimal 330)
   defining Unicode char U+014B (decimal 331)
   defining Unicode char U+014C (decimal 332)
   defining Unicode char U+014D (decimal 333)
   defining Unicode char U+014E (decimal 334)
   defining Unicode char U+014F (decimal 335)
   defining Unicode char U+0150 (decimal 336)
   defining Unicode char U+0151 (decimal 337)
   defining Unicode char U+0152 (decimal 338)
   defining Unicode char U+0153 (decimal 339)
   defining Unicode char U+0154 (decimal 340)
   defining Unicode char U+0155 (decimal 341)
   defining Unicode char U+0156 (decimal 342)
   defining Unicode char U+0157 (decimal 343)
   defining Unicode char U+0158 (decimal 344)
   defining Unicode char U+0159 (decimal 345)
   defining Unicode char U+015A (decimal 346)
   defining Unicode char U+015B (decimal 347)
   defining Unicode char U+015C (decimal 348)
   defining Unicode char U+015D (decimal 349)
   defining Unicode char U+015E (decimal 350)
   defining Unicode char U+015F (decimal 351)
   defining Unicode char U+0160 (decimal 352)
   defining Unicode char U+0161 (decimal 353)
   defining Unicode char U+0162 (decimal 354)
   defining Unicode char U+0163 (decimal 355)
   defining Unicode char U+0164 (decimal 356)
   defining Unicode char U+0165 (decimal 357)
   defining Unicode char U+0168 (decimal 360)
   defining Unicode char U+0169 (decimal 361)
   defining Unicode char U+016A (decimal 362)
   defining Unicode char U+016B (decimal 363)
   defining Unicode char U+016C (decimal 364)
   defining Unicode char U+016D (decimal 365)
   defining Unicode char U+016E (decimal 366)
   defining Unicode char U+016F (decimal 367)
   defining Unicode char U+0170 (decimal 368)
   defining Unicode char U+0171 (decimal 369)
   defining Unicode char U+0172 (decimal 370)
   defining Unicode char U+0173 (decimal 371)
   defining Unicode char U+0174 (decimal 372)
   defining Unicode char U+0175 (decimal 373)
   defining Unicode char U+0176 (decimal 374)
   defining Unicode char U+0177 (decimal 375)
   defining Unicode char U+0178 (decimal 376)
   defining Unicode char U+0179 (decimal 377)
   defining Unicode char U+017A (decimal 378)
   defining Unicode char U+017B (decimal 379)
   defining Unicode char U+017C (decimal 380)
   defining Unicode char U+017D (decimal 381)
   defining Unicode char U+017E (decimal 382)
   defining Unicode char U+01CD (decimal 461)
   defining Unicode char U+01CE (decimal 462)
   defining Unicode char U+01CF (decimal 463)
   defining Unicode char U+01D0 (decimal 464)
   defining Unicode char U+01D1 (decimal 465)
   defining Unicode char U+01D2 (decimal 466)
   defining Unicode char U+01D3 (decimal 467)
   defining Unicode char U+01D4 (decimal 468)
   defining Unicode char U+01E2 (decimal 482)
   defining Unicode char U+01E3 (decimal 483)
   defining Unicode char U+01E6 (decimal 486)
   defining Unicode char U+01E7 (decimal 487)
   defining Unicode char U+01E8 (decimal 488)
   defining Unicode char U+01E9 (decimal 489)
   defining Unicode char U+01EA (decimal 490)
   defining Unicode char U+01EB (decimal 491)
   defining Unicode char U+01F0 (decimal 496)
   defining Unicode char U+01F4 (decimal 500)
   defining Unicode char U+01F5 (decimal 501)
   defining Unicode char U+0218 (decimal 536)
   defining Unicode char U+0219 (decimal 537)
   defining Unicode char U+021A (decimal 538)
   defining Unicode char U+021B (decimal 539)
   defining Unicode char U+0232 (decimal 562)
   defining Unicode char U+0233 (decimal 563)
   defining Unicode char U+1E02 (decimal 7682)
   defining Unicode char U+1E03 (decimal 7683)
   defining Unicode char U+200C (decimal 8204)
   defining Unicode char U+2010 (decimal 8208)
   defining Unicode char U+2011 (decimal 8209)
   defining Unicode char U+2012 (decimal 8210)
   defining Unicode char U+2013 (decimal 8211)
   defining Unicode char U+2014 (decimal 8212)
   defining Unicode char U+2015 (decimal 8213)
   defining Unicode char U+2018 (decimal 8216)
   defining Unicode char U+2019 (decimal 8217)
   defining Unicode char U+201A (decimal 8218)
   defining Unicode char U+201C (decimal 8220)
   defining Unicode char U+201D (decimal 8221)
   defining Unicode char U+201E (decimal 8222)
   defining Unicode char U+2030 (decimal 8240)
   defining Unicode char U+2031 (decimal 8241)
   defining Unicode char U+2039 (decimal 8249)
   defining Unicode char U+203A (decimal 8250)
   defining Unicode char U+2423 (decimal 9251)
   defining Unicode char U+1E20 (decimal 7712)
   defining Unicode char U+1E21 (decimal 7713)
)
Now handling font encoding OT1 ...
... processing UTF-8 mapping file for font encoding OT1

("C:\Program Files\MiKTeX 2.9\tex\latex\base\ot1enc.dfu"
File: ot1enc.dfu 2017/01/28 v1.1t UTF-8 support for inputenc
   defining Unicode char U+00A0 (decimal 160)
   defining Unicode char U+00A1 (decimal 161)
   defining Unicode char U+00A3 (decimal 163)
   defining Unicode char U+00AD (decimal 173)
   defining Unicode char U+00B8 (decimal 184)
   defining Unicode char U+00BF (decimal 191)
   defining Unicode char U+00C5 (decimal 197)
   defining Unicode char U+00C6 (decimal 198)
   defining Unicode char U+00D8 (decimal 216)
   defining Unicode char U+00DF (decimal 223)
   defining Unicode char U+00E6 (decimal 230)
   defining Unicode char U+00EC (decimal 236)
   defining Unicode char U+00ED (decimal 237)
   defining Unicode char U+00EE (decimal 238)
   defining Unicode char U+00EF (decimal 239)
   defining Unicode char U+00F8 (decimal 248)
   defining Unicode char U+0131 (decimal 305)
   defining Unicode char U+0141 (decimal 321)
   defining Unicode char U+0142 (decimal 322)
   defining Unicode char U+0152 (decimal 338)
   defining Unicode char U+0153 (decimal 339)
   defining Unicode char U+0174 (decimal 372)
   defining Unicode char U+0175 (decimal 373)
   defining Unicode char U+0176 (decimal 374)
   defining Unicode char U+0177 (decimal 375)
   defining Unicode char U+0218 (decimal 536)
   defining Unicode char U+0219 (decimal 537)
   defining Unicode char U+021A (decimal 538)
   defining Unicode char U+021B (decimal 539)
   defining Unicode char U+2013 (decimal 8211)
   defining Unicode char U+2014 (decimal 8212)
   defining Unicode char U+2018 (decimal 8216)
   defining Unicode char U+2019 (decimal 8217)
   defining Unicode char U+201C (decimal 8220)
   defining Unicode char U+201D (decimal 8221)
)
Now handling font encoding OMS ...
... processing UTF-8 mapping file for font encoding OMS

("C:\Program Files\MiKTeX 2.9\tex\latex\base\omsenc.dfu"
File: omsenc.dfu 2017/01/28 v1.1t UTF-8 support for inputenc
   defining Unicode char U+00A7 (decimal 167)
   defining Unicode char U+00B6 (decimal 182)
   defining Unicode char U+00B7 (decimal 183)
   defining Unicode char U+2020 (decimal 8224)
   defining Unicode char U+2021 (decimal 8225)
   defining Unicode char U+2022 (decimal 8226)
)
Now handling font encoding OMX ...
... no UTF-8 mapping file for font encoding OMX
Now handling font encoding U ...
... no UTF-8 mapping file for font encoding U
   defining Unicode char U+00A9 (decimal 169)
   defining Unicode char U+00AA (decimal 170)
   defining Unicode char U+00AE (decimal 174)
   defining Unicode char U+00BA (decimal 186)
   defining Unicode char U+02C6 (decimal 710)
   defining Unicode char U+02DC (decimal 732)
   defining Unicode char U+200C (decimal 8204)
   defining Unicode char U+2026 (decimal 8230)
   defining Unicode char U+2122 (decimal 8482)
   defining Unicode char U+2423 (decimal 9251)
))
("C:\Program Files\MiKTeX 2.9\tex\generic\babel\babel.sty"
Package: babel 2018/02/14 3.18 The Babel package

("C:\Program Files\MiKTeX 2.9\tex\generic\babel\switch.def"
File: switch.def 2018/02/14 3.18 Babel switching mechanism
)
*************************************
* Local config file bblopts.cfg used
*
("C:\Program Files\MiKTeX 2.9\tex\latex\arabi\bblopts.cfg"
File: bblopts.cfg 2005/09/08 v0.1 add Arabic and Farsi to "declared" options of
 babel
)
("C:\Program Files\MiKTeX 2.9\tex\latex\babel-spanish\spanish.ldf"
Language: spanish.ldf 2016/03/03 v5.0p Spanish support from the babel system

("C:\Program Files\MiKTeX 2.9\tex\generic\babel\babel.def"
File: babel.def 2018/02/14 3.18 Babel common definitions
\babel@savecnt=\count87
\U@D=\dimen103

("C:\Program Files\MiKTeX 2.9\tex\generic\babel\txtbabel.def")
\bbl@dirlevel=\count88
)
\es@quottoks=\toks16
\es@quotdepth=\count89
Package babel Info: Making " an active character on input line 561.
Package babel Info: Making . an active character on input line 662.
Package babel Info: Making < an active character on input line 707.
Package babel Info: Making > an active character on input line 707.
))
("C:\Program Files\MiKTeX 2.9\tex\latex\graphics\graphicx.sty"
Package: graphicx 2017/06/01 v1.1a Enhanced LaTeX Graphics (DPC,SPQR)

("C:\Program Files\MiKTeX 2.9\tex\latex\graphics\keyval.sty"
Package: keyval 2014/10/28 v1.15 key=value parser (DPC)
\KV@toks@=\toks17
)
("C:\Program Files\MiKTeX 2.9\tex\latex\graphics\graphics.sty"
Package: graphics 2017/06/25 v1.2c Standard LaTeX Graphics (DPC,SPQR)

("C:\Program Files\MiKTeX 2.9\tex\latex\graphics\trig.sty"
Package: trig 2016/01/03 v1.10 sin cos tan (DPC)
)
("C:\Program Files\MiKTeX 2.9\tex\latex\graphics-cfg\graphics.cfg"
File: graphics.cfg 2016/06/04 v1.11 sample graphics configuration
)
Package graphics Info: Driver file: pdftex.def on input line 99.

("C:\Program Files\MiKTeX 2.9\tex\latex\graphics-def\pdftex.def"
File: pdftex.def 2018/01/08 v1.0l Graphics/color driver for pdftex
))
\Gin@req@height=\dimen104
\Gin@req@width=\dimen105
)
("C:\Program Files\MiKTeX 2.9\tex\latex\geometry\geometry.sty"
Package: geometry 2010/09/12 v5.6 Page Geometry

("C:\Program Files\MiKTeX 2.9\tex\generic\oberdiek\ifpdf.sty"
Package: ifpdf 2017/03/15 v3.2 Provides the ifpdf switch
)
("C:\Program Files\MiKTeX 2.9\tex\generic\oberdiek\ifvtex.sty"
Package: ifvtex 2016/05/16 v1.6 Detect VTeX and its facilities (HO)
Package ifvtex Info: VTeX not detected.
)
("C:\Program Files\MiKTeX 2.9\tex\generic\ifxetex\ifxetex.sty"
Package: ifxetex 2010/09/12 v0.6 Provides ifxetex conditional
)
\Gm@cnth=\count90
\Gm@cntv=\count91
\c@Gm@tempcnt=\count92
\Gm@bindingoffset=\dimen106
\Gm@wd@mp=\dimen107
\Gm@odd@mp=\dimen108
\Gm@even@mp=\dimen109
\Gm@layoutwidth=\dimen110
\Gm@layoutheight=\dimen111
\Gm@layouthoffset=\dimen112
\Gm@layoutvoffset=\dimen113
\Gm@dimlist=\toks18

("C:\Program Files\MiKTeX 2.9\tex\latex\geometry\geometry.cfg"))
("C:\Program Files\MiKTeX 2.9\tex\latex\float\float.sty"
Package: float 2001/11/08 v1.3d Float enhancements (AL)
\c@float@type=\count93
\float@exts=\toks19
\float@box=\box26
\@float@everytoks=\toks20
\@floatcapt=\box27
)
("C:\Program Files\MiKTeX 2.9\tex\latex\amsmath\amsmath.sty"
Package: amsmath 2017/09/02 v2.17a AMS math features
\@mathmargin=\skip43

For additional information on amsmath, use the `?' option.
("C:\Program Files\MiKTeX 2.9\tex\latex\amsmath\amstext.sty"
Package: amstext 2000/06/29 v2.01 AMS text

("C:\Program Files\MiKTeX 2.9\tex\latex\amsmath\amsgen.sty"
File: amsgen.sty 1999/11/30 v2.0 generic functions
\@emptytoks=\toks21
\ex@=\dimen114
))
("C:\Program Files\MiKTeX 2.9\tex\latex\amsmath\amsbsy.sty"
Package: amsbsy 1999/11/29 v1.2d Bold Symbols
\pmbraise@=\dimen115
)
("C:\Program Files\MiKTeX 2.9\tex\latex\amsmath\amsopn.sty"
Package: amsopn 2016/03/08 v2.02 operator names
)
\inf@bad=\count94
LaTeX Info: Redefining \frac on input line 213.
\uproot@=\count95
\leftroot@=\count96
LaTeX Info: Redefining \overline on input line 375.
\classnum@=\count97
\DOTSCASE@=\count98
LaTeX Info: Redefining \ldots on input line 472.
LaTeX Info: Redefining \dots on input line 475.
LaTeX Info: Redefining \cdots on input line 596.
\Mathstrutbox@=\box28
\strutbox@=\box29
\big@size=\dimen116
LaTeX Font Info:    Redeclaring font encoding OML on input line 712.
LaTeX Font Info:    Redeclaring font encoding OMS on input line 713.
\macc@depth=\count99
\c@MaxMatrixCols=\count100
\dotsspace@=\muskip10
\c@parentequation=\count101
\dspbrk@lvl=\count102
\tag@help=\toks22
\row@=\count103
\column@=\count104
\maxfields@=\count105
\andhelp@=\toks23
\eqnshift@=\dimen117
\alignsep@=\dimen118
\tagshift@=\dimen119
\tagwidth@=\dimen120
\totwidth@=\dimen121
\lineht@=\dimen122
\@envbody=\toks24
\multlinegap=\skip44
\multlinetaggap=\skip45
\mathdisplay@stack=\toks25
LaTeX Info: Redefining \[ on input line 2817.
LaTeX Info: Redefining \] on input line 2818.
)
("C:\Program Files\MiKTeX 2.9\tex\latex\oberdiek\stackrel.sty"
Package: stackrel 2016/05/16 v1.3 Adding subscript option to stackrel (HO)

("C:\Program Files\MiKTeX 2.9\tex\generic\oberdiek\etexcmds.sty"
Package: etexcmds 2016/05/16 v1.6 Avoid name clashes with e-TeX commands (HO)

("C:\Program Files\MiKTeX 2.9\tex\generic\oberdiek\infwarerr.sty"
Package: infwarerr 2016/05/16 v1.4 Providing info/warning/error messages (HO)
)
("C:\Program Files\MiKTeX 2.9\tex\generic\oberdiek\ifluatex.sty"
Package: ifluatex 2016/05/16 v1.4 Provides the ifluatex switch (HO)
Package ifluatex Info: LuaTeX not detected.
)
Package etexcmds Info: Could not find \expanded.
(etexcmds)             That can mean that you are not using pdfTeX 1.50 or
(etexcmds)             that some package has redefined \expanded.
(etexcmds)             In the latter case, load this package earlier.
)
("C:\Program Files\MiKTeX 2.9\tex\generic\oberdiek\pdftexcmds.sty"
Package: pdftexcmds 2018/01/21 v0.26 Utility functions of pdfTeX for LuaTeX (HO
)

("C:\Program Files\MiKTeX 2.9\tex\generic\oberdiek\ltxcmds.sty"
Package: ltxcmds 2016/05/16 v1.23 LaTeX kernel commands for general use (HO)
)
Package pdftexcmds Info: LuaTeX not detected.
Package pdftexcmds Info: \pdf@primitive is available.
Package pdftexcmds Info: \pdf@ifprimitive is available.
Package pdftexcmds Info: \pdfdraftmode found.
))
("C:\Program Files\MiKTeX 2.9\tex\latex\multirow\multirow.sty"
Package: multirow 2016/11/25 v2.2 Span multiple rows of a table
\multirow@colwidth=\skip46
\multirow@cntb=\count106
\multirow@dima=\skip47
\bigstrutjot=\dimen123
)
("C:\Program Files\MiKTeX 2.9\tex\latex\tools\enumerate.sty"
Package: enumerate 2015/07/23 v3.00 enumerate extensions (DPC)
\@enLab=\toks26
)
(BDII_Guia_Isntalacion_U2.aux
LaTeX Info: Redefining \. on input line 6.
LaTeX Info: Redefining \% on input line 6.
 (Secciones/Actividad01.aux)
(Secciones/Actividad02.aux) (Secciones/Actividad03.aux)
(Secciones/Actividad04.aux) (Secciones/Actividad05.aux))
\openout1 = `BDII_Guia_Isntalacion_U2.aux'.

LaTeX Font Info:    Checking defaults for OML/cmm/m/it on input line 18.
LaTeX Font Info:    ... okay on input line 18.
LaTeX Font Info:    Checking defaults for T1/cmr/m/n on input line 18.
LaTeX Font Info:    ... okay on input line 18.
LaTeX Font Info:    Checking defaults for OT1/cmr/m/n on input line 18.
LaTeX Font Info:    ... okay on input line 18.
LaTeX Font Info:    Checking defaults for OMS/cmsy/m/n on input line 18.
LaTeX Font Info:    ... okay on input line 18.
LaTeX Font Info:    Checking defaults for OMX/cmex/m/n on input line 18.
LaTeX Font Info:    ... okay on input line 18.
LaTeX Font Info:    Checking defaults for U/cmr/m/n on input line 18.
LaTeX Font Info:    ... okay on input line 18.
LaTeX Info: Redefining \. on input line 18.
LaTeX Info: Redefining \% on input line 18.

("C:\Program Files\MiKTeX 2.9\tex\context\base\supp-pdf.mkii"
[Loading MPS to PDF converter (version 2006.09.02).]
\scratchcounter=\count107
\scratchdimen=\dimen124
\scratchbox=\box30
\nofMPsegments=\count108
\nofMParguments=\count109
\everyMPshowfont=\toks27
\MPscratchCnt=\count110
\MPscratchDim=\dimen125
\MPnumerator=\count111
\makeMPintoPDFobject=\count112
\everyMPtoPDFconversion=\toks28
) ("C:\Program Files\MiKTeX 2.9\tex\latex\oberdiek\epstopdf-base.sty"
Package: epstopdf-base 2016/05/15 v2.6 Base part for package epstopdf

("C:\Program Files\MiKTeX 2.9\tex\latex\oberdiek\grfext.sty"
Package: grfext 2016/05/16 v1.2 Manage graphics extensions (HO)

("C:\Program Files\MiKTeX 2.9\tex\generic\oberdiek\kvdefinekeys.sty"
Package: kvdefinekeys 2016/05/16 v1.4 Define keys (HO)
))
("C:\Program Files\MiKTeX 2.9\tex\latex\oberdiek\kvoptions.sty"
Package: kvoptions 2016/05/16 v3.12 Key value format for package options (HO)

("C:\Program Files\MiKTeX 2.9\tex\generic\oberdiek\kvsetkeys.sty"
Package: kvsetkeys 2016/05/16 v1.17 Key value parser (HO)
))
Package epstopdf-base Info: Redefining graphics rule for `.eps' on input line 4
38.
Package grfext Info: Graphics extension search list:
(grfext)             [.pdf,.png,.jpg,.mps,.jpeg,.jbig2,.jb2,.PDF,.PNG,.JPG,.JPE
G,.JBIG2,.JB2,.eps]
(grfext)             \AppendGraphicsExtensions on input line 456.
)
*geometry* driver: auto-detecting
*geometry* detected driver: pdftex
*geometry* verbose mode - [ preamble ] result:
* driver: pdftex
* paper: letterpaper
* layout: <same size as paper>
* layoutoffset:(h,v)=(0.0pt,0.0pt)
* modes: 
* h-part:(L,W,R)=(56.9055pt, 500.484pt, 56.9055pt)
* v-part:(T,H,B)=(56.9055pt, 681.15898pt, 56.9055pt)
* \paperwidth=614.295pt
* \paperheight=794.96999pt
* \textwidth=500.484pt
* \textheight=681.15898pt
* \oddsidemargin=-15.36449pt
* \evensidemargin=-15.36449pt
* \topmargin=-52.36449pt
* \headheight=12.0pt
* \headsep=25.0pt
* \topskip=12.0pt
* \footskip=30.0pt
* \marginparwidth=44.0pt
* \marginparsep=10.0pt
* \columnsep=10.0pt
* \skip\footins=10.8pt plus 4.0pt minus 2.0pt
* \hoffset=0.0pt
* \voffset=0.0pt
* \mag=1000
* \@twocolumnfalse
* \@twosidefalse
* \@mparswitchfalse
* \@reversemarginfalse
* (1in=72.27pt=25.4mm, 1cm=28.453pt)

<./Imagenes/logo.jpg, id=1, 276.03125pt x 183.68625pt>
File: ./Imagenes/logo.jpg Graphic file (type jpg)
<use ./Imagenes/logo.jpg>
Package pdftex.def Info: ./Imagenes/logo.jpg  used on input line 38.
(pdftex.def)             Requested size: 227.62204pt x 151.47853pt.
[1

{C:/Users/Luis/AppData/Local/MiKTeX/2.9/pdftex/config/pdftex.map} <./Imagenes/l
ogo.jpg>] (BDII_Guia_Isntalacion_U2.toc
LaTeX Info: Redefining \. on input line 1.
LaTeX Info: Redefining \% on input line 1.
)
\tf@toc=\write3
\openout3 = `BDII_Guia_Isntalacion_U2.toc'.

 [1]
\openout2 = `Secciones/Actividad01.aux'.

 (Secciones/Actividad01.tex
Underfull \hbox (badness 10000) in paragraph at lines 4--7

 []


Underfull \hbox (badness 10000) in paragraph at lines 4--7

 []

) [1

]
\openout2 = `Secciones/Actividad02.aux'.

 (Secciones/Actividad02.tex
<./Imagenes/WM01.jpg, id=14, 380.17032pt x 293.59688pt>
File: ./Imagenes/WM01.jpg Graphic file (type jpg)
<use ./Imagenes/WM01.jpg>
Package pdftex.def Info: ./Imagenes/WM01.jpg  used on input line 7.
(pdftex.def)             Requested size: 426.79134pt x 329.61023pt.
<./Imagenes/WM02.jpg, id=15, 380.92313pt x 295.1025pt>
File: ./Imagenes/WM02.jpg Graphic file (type jpg)
<use ./Imagenes/WM02.jpg>
Package pdftex.def Info: ./Imagenes/WM02.jpg  used on input line 13.
(pdftex.def)             Requested size: 426.79134pt x 330.64761pt.
 [2


 <./Imagenes/WM01.jpg>]
<./Imagenes/WM03.jpg, id=19, 380.17032pt x 295.1025pt>
File: ./Imagenes/WM03.jpg Graphic file (type jpg)
<use ./Imagenes/WM03.jpg>
Package pdftex.def Info: ./Imagenes/WM03.jpg  used on input line 19.
(pdftex.def)             Requested size: 426.79134pt x 331.30054pt.
 [3 <./Imagenes/WM02.jpg>]
<./Imagenes/WM04.jpg, id=23, 376.40625pt x 296.60812pt>
File: ./Imagenes/WM04.jpg Graphic file (type jpg)
<use ./Imagenes/WM04.jpg>
Package pdftex.def Info: ./Imagenes/WM04.jpg  used on input line 25.
(pdftex.def)             Requested size: 426.79134pt x 336.33546pt.
 [4 <./Imagenes/WM03.jpg>]
<./Imagenes/WM05.jpg, id=27, 379.4175pt x 295.1025pt>
File: ./Imagenes/WM05.jpg Graphic file (type jpg)
<use ./Imagenes/WM05.jpg>
Package pdftex.def Info: ./Imagenes/WM05.jpg  used on input line 31.
(pdftex.def)             Requested size: 426.79134pt x 331.95345pt.
 [5 <./Imagenes/WM04.jpg>]
<./Imagenes/WM06.jpg, id=32, 380.17032pt x 295.1025pt>
File: ./Imagenes/WM06.jpg Graphic file (type jpg)
<use ./Imagenes/WM06.jpg>
Package pdftex.def Info: ./Imagenes/WM06.jpg  used on input line 37.
(pdftex.def)             Requested size: 426.79134pt x 331.30054pt.
 [6 <./Imagenes/WM05.jpg>]
<./Imagenes/WM07.jpg, id=36, 379.4175pt x 296.60812pt>
File: ./Imagenes/WM07.jpg Graphic file (type jpg)
<use ./Imagenes/WM07.jpg>
Package pdftex.def Info: ./Imagenes/WM07.jpg  used on input line 43.
(pdftex.def)             Requested size: 426.79134pt x 333.6471pt.
 [7 <./Imagenes/WM06.jpg>]
<./Imagenes/WM08.jpg, id=40, 377.91188pt x 297.36093pt>
File: ./Imagenes/WM08.jpg Graphic file (type jpg)
<use ./Imagenes/WM08.jpg>
Package pdftex.def Info: ./Imagenes/WM08.jpg  used on input line 49.
(pdftex.def)             Requested size: 426.79134pt x 335.82336pt.
 [8 <./Imagenes/WM07.jpg>]
<./Imagenes/WM09.jpg, id=44, 377.91188pt x 295.1025pt>
File: ./Imagenes/WM09.jpg Graphic file (type jpg)
<use ./Imagenes/WM09.jpg>
Package pdftex.def Info: ./Imagenes/WM09.jpg  used on input line 55.
(pdftex.def)             Requested size: 426.79134pt x 333.2728pt.
 [9 <./Imagenes/WM08.jpg>]
<./Imagenes/WM10.jpg, id=48, 1027.58907pt x 532.23843pt>
File: ./Imagenes/WM10.jpg Graphic file (type jpg)
<use ./Imagenes/WM10.jpg>
Package pdftex.def Info: ./Imagenes/WM10.jpg  used on input line 61.
(pdftex.def)             Requested size: 426.79134pt x 221.0535pt.
) [10 <./Imagenes/WM09.jpg> <./Imagenes/WM10.jpg>]
\openout2 = `Secciones/Actividad03.aux'.


(Secciones/Actividad03.tex
<./Imagenes/img1server.png, id=52, 755.07094pt x 583.42969pt>
File: ./Imagenes/img1server.png Graphic file (type png)
<use ./Imagenes/img1server.png>
Package pdftex.def Info: ./Imagenes/img1server.png  used on input line 7.
(pdftex.def)             Requested size: 426.79134pt x 329.77191pt.
<./Imagenes/img2server.png, id=53, 755.07094pt x 582.67688pt>
File: ./Imagenes/img2server.png Graphic file (type png)
<use ./Imagenes/img2server.png>
Package pdftex.def Info: ./Imagenes/img2server.png  used on input line 13.
(pdftex.def)             Requested size: 426.79134pt x 329.34642pt.
 [11


 <./Imagenes/img1server.png>]
<./Imagenes/img3server.png, id=58, 322.20375pt x 323.70938pt>
File: ./Imagenes/img3server.png Graphic file (type png)
<use ./Imagenes/img3server.png>
Package pdftex.def Info: ./Imagenes/img3server.png  used on input line 20.
(pdftex.def)             Requested size: 426.79134pt x 428.80421pt.
 [12 <./Imagenes/img2server.png>]
<./Imagenes/img4server.png, id=62, 322.95656pt x 321.45094pt>
File: ./Imagenes/img4server.png Graphic file (type png)
<use ./Imagenes/img4server.png>
Package pdftex.def Info: ./Imagenes/img4server.png  used on input line 26.
(pdftex.def)             Requested size: 426.79134pt x 424.82175pt.
 [13 <./Imagenes/img3server.png>]
<./Imagenes/img5server.png, id=66, 324.46219pt x 325.96782pt>
File: ./Imagenes/img5server.png Graphic file (type png)
<use ./Imagenes/img5server.png>
Package pdftex.def Info: ./Imagenes/img5server.png  used on input line 33.
(pdftex.def)             Requested size: 426.79134pt x 428.80159pt.
 [14 <./Imagenes/img4server.png>]
<./Imagenes/img6server.png, id=70, 458.46281pt x 319.94531pt>
File: ./Imagenes/img6server.png Graphic file (type png)
<use ./Imagenes/img6server.png>
Package pdftex.def Info: ./Imagenes/img6server.png  used on input line 39.
(pdftex.def)             Requested size: 426.79134pt x 297.85849pt.
[15 <./Imagenes/img5server.png>]
<./Imagenes/img7server.png, id=74, 573.64313pt x 321.45094pt>
File: ./Imagenes/img7server.png Graphic file (type png)
<use ./Imagenes/img7server.png>
Package pdftex.def Info: ./Imagenes/img7server.png  used on input line 46.
(pdftex.def)             Requested size: 426.79134pt x 239.16487pt.
<./Imagenes/img8server.png, id=75, 487.8225pt x 165.61874pt>
File: ./Imagenes/img8server.png Graphic file (type png)
<use ./Imagenes/img8server.png>
Package pdftex.def Info: ./Imagenes/img8server.png  used on input line 53.
(pdftex.def)             Requested size: 426.79134pt x 144.90086pt.
 [16 <./Imagenes/img6server.png> <./Imagenes/img7server.png>]
<./Imagenes/img9server.png, id=79, 569.12625pt x 319.1925pt>
File: ./Imagenes/img9server.png Graphic file (type png)
<use ./Imagenes/img9server.png>
Package pdftex.def Info: ./Imagenes/img9server.png  used on input line 59.
(pdftex.def)             Requested size: 426.79134pt x 239.3743pt.
<./Imagenes/img10server.png, id=80, 774.64406pt x 508.90125pt>
File: ./Imagenes/img10server.png Graphic file (type png)
<use ./Imagenes/img10server.png>
Package pdftex.def Info: ./Imagenes/img10server.png  used on input line 67.
(pdftex.def)             Requested size: 426.79134pt x 280.38576pt.
 [17 <./Imagenes/img8server.png> <./Imagenes/img9server.png>]
<./Imagenes/img11server.png, id=85, 621.07031pt x 471.26062pt>
File: ./Imagenes/img11server.png Graphic file (type png)
<use ./Imagenes/img11server.png>
Package pdftex.def Info: ./Imagenes/img11server.png  used on input line 73.
(pdftex.def)             Requested size: 426.79134pt x 323.84706pt.
)
[18 <./Imagenes/img10server.png> <./Imagenes/img11server.png>]
\openout2 = `Secciones/Actividad04.aux'.


(Secciones/Actividad04.tex
Underfull \hbox (badness 10000) in paragraph at lines 4--5

 []

<./Imagenes/img1.jpg, id=89, 529.98pt x 271.0125pt>
File: ./Imagenes/img1.jpg Graphic file (type jpg)
<use ./Imagenes/img1.jpg>
Package pdftex.def Info: ./Imagenes/img1.jpg  used on input line 6.
(pdftex.def)             Requested size: 426.79134pt x 218.24937pt.

Underfull \hbox (badness 10000) in paragraph at lines 9--10

 []

<./Imagenes/img2.jpg, id=90, 767.86874pt x 575.90157pt>
File: ./Imagenes/img2.jpg Graphic file (type jpg)
<use ./Imagenes/img2.jpg>
Package pdftex.def Info: ./Imagenes/img2.jpg  used on input line 11.
(pdftex.def)             Requested size: 426.79134pt x 320.0949pt.

Underfull \hbox (badness 10000) in paragraph at lines 15--16

 []

[19


 <./Imagenes/img1.jpg> <./Imagenes/img2.jpg>]
<./Imagenes/img3.jpg, id=94, 751.30687pt x 538.26094pt>
File: ./Imagenes/img3.jpg Graphic file (type jpg)
<use ./Imagenes/img3.jpg>
Package pdftex.def Info: ./Imagenes/img3.jpg  used on input line 17.
(pdftex.def)             Requested size: 426.79134pt x 305.76884pt.

Underfull \hbox (badness 10000) in paragraph at lines 20--21

 []

<./Imagenes/img4.jpg, id=95, 769.37437pt x 578.16pt>
File: ./Imagenes/img4.jpg Graphic file (type jpg)
<use ./Imagenes/img4.jpg>
Package pdftex.def Info: ./Imagenes/img4.jpg  used on input line 22.
(pdftex.def)             Requested size: 426.79134pt x 320.7238pt.
[20 <./Imagenes/img3.jpg>]
Underfull \hbox (badness 10000) in paragraph at lines 25--26

 []

<./Imagenes/img5.jpg, id=99, 750.55406pt x 535.2497pt>
File: ./Imagenes/img5.jpg Graphic file (type jpg)
<use ./Imagenes/img5.jpg>
Package pdftex.def Info: ./Imagenes/img5.jpg  used on input line 27.
(pdftex.def)             Requested size: 426.79134pt x 304.3686pt.
[21 <./Imagenes/img4.jpg>]
Underfull \hbox (badness 10000) in paragraph at lines 30--31

 []

<./Imagenes/img6.jpg, id=103, 750.55406pt x 535.2497pt>
File: ./Imagenes/img6.jpg Graphic file (type jpg)
<use ./Imagenes/img6.jpg>
Package pdftex.def Info: ./Imagenes/img6.jpg  used on input line 32.
(pdftex.def)             Requested size: 426.79134pt x 304.3686pt.

Underfull \hbox (badness 10000) in paragraph at lines 35--36

 []

[22 <./Imagenes/img5.jpg> <./Imagenes/img6.jpg>]
<./Imagenes/img7.jpg, id=107, 764.8575pt x 570.63188pt>
File: ./Imagenes/img7.jpg Graphic file (type jpg)
<use ./Imagenes/img7.jpg>
Package pdftex.def Info: ./Imagenes/img7.jpg  used on input line 37.
(pdftex.def)             Requested size: 426.79134pt x 318.41104pt.

Underfull \hbox (badness 10000) in paragraph at lines 40--41

 []

<./Imagenes/img8.jpg, id=108, 766.36313pt x 574.39594pt>
File: ./Imagenes/img8.jpg Graphic file (type jpg)
<use ./Imagenes/img8.jpg>
Package pdftex.def Info: ./Imagenes/img8.jpg  used on input line 42.
(pdftex.def)             Requested size: 426.79134pt x 319.88908pt.
[23 <./Imagenes/img7.jpg>]
Underfull \hbox (badness 10000) in paragraph at lines 45--46

 []

<./Imagenes/img9.jpg, id=113, 469.755pt x 103.13531pt>
File: ./Imagenes/img9.jpg Graphic file (type jpg)
<use ./Imagenes/img9.jpg>
Package pdftex.def Info: ./Imagenes/img9.jpg  used on input line 47.
(pdftex.def)             Requested size: 426.79134pt x 93.70218pt.

Underfull \hbox (badness 10000) in paragraph at lines 50--51

 []

<./Imagenes/img10.jpg, id=114, 349.305pt x 321.45094pt>
File: ./Imagenes/img10.jpg Graphic file (type jpg)
<use ./Imagenes/img10.jpg>
Package pdftex.def Info: ./Imagenes/img10.jpg  used on input line 52.
(pdftex.def)             Requested size: 426.79134pt x 392.78268pt.
[24 <./Imagenes/img8.jpg> <./Imagenes/img9.jpg>]
Underfull \hbox (badness 10000) in paragraph at lines 55--56

 []

<./Imagenes/img11.jpg, id=118, 505.89pt x 405.01312pt>
File: ./Imagenes/img11.jpg Graphic file (type jpg)
<use ./Imagenes/img11.jpg>
Package pdftex.def Info: ./Imagenes/img11.jpg  used on input line 57.
(pdftex.def)             Requested size: 426.79134pt x 341.69188pt.
[25 <./Imagenes/img10.jpg>]
Underfull \hbox (badness 10000) in paragraph at lines 60--61

 []

<./Imagenes/img12.jpg, id=122, 603.0028pt x 451.6875pt>
File: ./Imagenes/img12.jpg Graphic file (type jpg)
<use ./Imagenes/img12.jpg>
Package pdftex.def Info: ./Imagenes/img12.jpg  used on input line 62.
(pdftex.def)             Requested size: 426.79134pt x 319.6941pt.
[26 <./Imagenes/img11.jpg>]
Underfull \hbox (badness 10000) in paragraph at lines 65--66

 []

<./Imagenes/img13.jpg, id=126, 600.74437pt x 451.6875pt>
File: ./Imagenes/img13.jpg Graphic file (type jpg)
<use ./Imagenes/img13.jpg>
Package pdftex.def Info: ./Imagenes/img13.jpg  used on input line 67.
(pdftex.def)             Requested size: 426.79134pt x 320.90712pt.
[27 <./Imagenes/img12.jpg>]
Underfull \hbox (badness 10000) in paragraph at lines 70--71

 []

<./Imagenes/img14.jpg, id=130, 596.98032pt x 449.42906pt>
File: ./Imagenes/img14.jpg Graphic file (type jpg)
<use ./Imagenes/img14.jpg>
Package pdftex.def Info: ./Imagenes/img14.jpg  used on input line 72.
(pdftex.def)             Requested size: 426.79134pt x 321.30504pt.
[28 <./Imagenes/img13.jpg>]
Underfull \hbox (badness 10000) in paragraph at lines 75--76

 []

<./Imagenes/img15.jpg, id=134, 603.75563pt x 452.4403pt>
File: ./Imagenes/img15.jpg Graphic file (type jpg)
<use ./Imagenes/img15.jpg>
Package pdftex.def Info: ./Imagenes/img15.jpg  used on input line 77.
(pdftex.def)             Requested size: 426.79134pt x 319.82652pt.
[29 <./Imagenes/img14.jpg>]
Underfull \hbox (badness 10000) in paragraph at lines 80--81

 []

<./Imagenes/img16.jpg, id=139, 602.25pt x 450.9347pt>
File: ./Imagenes/img16.jpg Graphic file (type jpg)
<use ./Imagenes/img16.jpg>
Package pdftex.def Info: ./Imagenes/img16.jpg  used on input line 82.
(pdftex.def)             Requested size: 426.79134pt x 319.57413pt.
[30 <./Imagenes/img15.jpg>]
Underfull \hbox (badness 10000) in paragraph at lines 85--86

 []

<./Imagenes/img17.jpg, id=143, 599.99156pt x 448.67625pt>
File: ./Imagenes/img17.jpg Graphic file (type jpg)
<use ./Imagenes/img17.jpg>
Package pdftex.def Info: ./Imagenes/img17.jpg  used on input line 87.
(pdftex.def)             Requested size: 426.79134pt x 319.16484pt.
[31 <./Imagenes/img16.jpg>]
Underfull \hbox (badness 10000) in paragraph at lines 90--91

 []

<./Imagenes/img18.jpg, id=147, 601.4972pt x 450.9347pt>
File: ./Imagenes/img18.jpg Graphic file (type jpg)
<use ./Imagenes/img18.jpg>
Package pdftex.def Info: ./Imagenes/img18.jpg  used on input line 92.
(pdftex.def)             Requested size: 426.79134pt x 319.9732pt.
[32 <./Imagenes/img17.jpg>]
Underfull \hbox (badness 10000) in paragraph at lines 95--96

 []

<./Imagenes/img19.jpg, id=151, 602.25pt x 450.9347pt>
File: ./Imagenes/img19.jpg Graphic file (type jpg)
<use ./Imagenes/img19.jpg>
Package pdftex.def Info: ./Imagenes/img19.jpg  used on input line 97.
(pdftex.def)             Requested size: 426.79134pt x 319.57413pt.
[33 <./Imagenes/img18.jpg>]
Underfull \hbox (badness 10000) in paragraph at lines 100--101

 []

<./Imagenes/img20.jpg, id=155, 599.99156pt x 449.42906pt>
File: ./Imagenes/img20.jpg Graphic file (type jpg)
<use ./Imagenes/img20.jpg>
Package pdftex.def Info: ./Imagenes/img20.jpg  used on input line 102.
(pdftex.def)             Requested size: 426.79134pt x 319.70033pt.
[34 <./Imagenes/img19.jpg>]
Underfull \hbox (badness 10000) in paragraph at lines 105--106

 []

<./Imagenes/img21.jpg, id=159, 602.25pt x 450.9347pt>
File: ./Imagenes/img21.jpg Graphic file (type jpg)
<use ./Imagenes/img21.jpg>
Package pdftex.def Info: ./Imagenes/img21.jpg  used on input line 107.
(pdftex.def)             Requested size: 426.79134pt x 319.57413pt.
[35 <./Imagenes/img20.jpg>]
Underfull \hbox (badness 10000) in paragraph at lines 110--111

 []

<./Imagenes/img22.jpg, id=164, 603.75563pt x 450.18187pt>
File: ./Imagenes/img22.jpg Graphic file (type jpg)
<use ./Imagenes/img22.jpg>
Package pdftex.def Info: ./Imagenes/img22.jpg  used on input line 112.
(pdftex.def)             Requested size: 426.79134pt x 318.23004pt.
[36 <./Imagenes/img21.jpg>]
Underfull \hbox (badness 10000) in paragraph at lines 115--116

 []

<./Imagenes/img23.jpg, id=168, 600.74437pt x 450.9347pt>
File: ./Imagenes/img23.jpg Graphic file (type jpg)
<use ./Imagenes/img23.jpg>
Package pdftex.def Info: ./Imagenes/img23.jpg  used on input line 117.
(pdftex.def)             Requested size: 426.79134pt x 320.3723pt.
[37 <./Imagenes/img22.jpg>]
Underfull \hbox (badness 10000) in paragraph at lines 120--121

 []

<./Imagenes/img24.jpg, id=172, 767.86874pt x 572.1375pt>
File: ./Imagenes/img24.jpg Graphic file (type jpg)
<use ./Imagenes/img24.jpg>
Package pdftex.def Info: ./Imagenes/img24.jpg  used on input line 122.
(pdftex.def)             Requested size: 426.79134pt x 318.00276pt.
[38 <./Imagenes/img23.jpg>]
Underfull \hbox (badness 10000) in paragraph at lines 125--126

 []

<./Imagenes/img25.jpg, id=176, 355.3275pt x 286.82156pt>
File: ./Imagenes/img25.jpg Graphic file (type jpg)
<use ./Imagenes/img25.jpg>
Package pdftex.def Info: ./Imagenes/img25.jpg  used on input line 127.
(pdftex.def)             Requested size: 426.79134pt x 344.51675pt.
[39 <./Imagenes/img24.jpg>]
Underfull \hbox (badness 10000) in paragraph at lines 130--131

 []

<./Imagenes/img26.jpg, id=180, 666.99188pt x 499.11469pt>
File: ./Imagenes/img26.jpg Graphic file (type jpg)
<use ./Imagenes/img26.jpg>
Package pdftex.def Info: ./Imagenes/img26.jpg  used on input line 132.
(pdftex.def)             Requested size: 426.79134pt x 319.37898pt.
[40 <./Imagenes/img25.jpg>]
Underfull \hbox (badness 10000) in paragraph at lines 135--136

 []

<./Imagenes/img27.jpg, id=184, 667.74469pt x 494.59781pt>
File: ./Imagenes/img27.jpg Graphic file (type jpg)
<use ./Imagenes/img27.jpg>
Package pdftex.def Info: ./Imagenes/img27.jpg  used on input line 137.
(pdftex.def)             Requested size: 426.79134pt x 316.13397pt.
[41 <./Imagenes/img26.jpg>]
Underfull \hbox (badness 10000) in paragraph at lines 140--141

 []

<./Imagenes/img28.jpg, id=189, 667.74469pt x 499.8675pt>
File: ./Imagenes/img28.jpg Graphic file (type jpg)
<use ./Imagenes/img28.jpg>
Package pdftex.def Info: ./Imagenes/img28.jpg  used on input line 142.
(pdftex.def)             Requested size: 426.79134pt x 319.50223pt.
[42 <./Imagenes/img27.jpg>]) [43 <./Imagenes/img28.jpg>]
\openout2 = `Secciones/Actividad05.aux'.


No file Secciones/Actividad05.tex.
(BDII_Guia_Isntalacion_U2.aux
LaTeX Info: Redefining \. on input line 6.
LaTeX Info: Redefining \% on input line 6.
 (Secciones/Actividad01.aux)
(Secciones/Actividad02.aux) (Secciones/Actividad03.aux)
(Secciones/Actividad04.aux) (Secciones/Actividad05.aux)) ) 
Here is how much of TeX's memory you used:
 4143 strings out of 493305
 58265 string characters out of 3138878
 129065 words of memory out of 3000000
 7545 multiletter control sequences out of 15000+200000
 5149 words of font info for 19 fonts, out of 3000000 for 9000
 1141 hyphenation exceptions out of 8191
 34i,5n,30p,263b,359s stack positions out of 5000i,500n,10000p,200000b,50000s
<C:/Program Files/MiK
TeX 2.9/fonts/type1/public/amsfonts/cm/cmbx12.pfb><C:/Program Files/MiKTeX 2.9/
fonts/type1/public/amsfonts/cm/cmr12.pfb>
Output written on BDII_Guia_Isntalacion_U2.pdf (45 pages, 3323028 bytes).
PDF statistics:
 206 PDF objects out of 1000 (max. 8388607)
 0 named destinations out of 1000 (max. 500000)
 251 words of extra memory for PDF output out of 10000 (max. 10000000)

